{"numFailedTestSuites":0,"numFailedTests":0,"numPassedTestSuites":1,"numPassedTests":5,"numPendingTestSuites":0,"numPendingTests":0,"numRuntimeErrorTestSuites":0,"numTodoTests":0,"numTotalTestSuites":1,"numTotalTests":5,"openHandles":[],"snapshot":{"added":0,"didUpdate":false,"failure":false,"filesAdded":0,"filesRemoved":0,"filesRemovedList":[],"filesUnmatched":0,"filesUpdated":0,"matched":0,"total":0,"unchecked":0,"uncheckedKeysByFile":[],"unmatched":0,"updated":0},"startTime":1775395964855,"success":true,"testResults":[{"assertionResults":[{"ancestorTitles":["dashboard module"],"duration":12,"failureDetails":[],"failureMessages":[],"fullName":"dashboard module Admin dashboard: today's data combines Redis queue + DynamoDB revenue + pre-computed analytics","invocations":1,"location":null,"numPassingAsserts":8,"retryReasons":[],"status":"passed","title":"Admin dashboard: today's data combines Redis queue + DynamoDB revenue + pre-computed analytics"},{"ancestorTitles":["dashboard module"],"duration":8,"failureDetails":[],"failureMessages":[],"fullName":"dashboard module Scheduled KPI: computes and stores correct structure for all hospitals","invocations":1,"location":null,"numPassingAsserts":6,"retryReasons":[],"status":"passed","title":"Scheduled KPI: computes and stores correct structure for all hospitals"},{"ancestorTitles":["dashboard module"],"duration":4,"failureDetails":[],"failureMessages":[],"fullName":"dashboard module Doctor dashboard: scoped to doctorId from JWT, does not return other doctors' data","invocations":1,"location":null,"numPassingAsserts":5,"retryReasons":[],"status":"passed","title":"Doctor dashboard: scoped to doctorId from JWT, does not return other doctors' data"},{"ancestorTitles":["dashboard module"],"duration":1,"failureDetails":[],"failureMessages":[],"fullName":"dashboard module Reception dashboard: shows all doctors' queues for the branch, pending bills","invocations":1,"location":null,"numPassingAsserts":4,"retryReasons":[],"status":"passed","title":"Reception dashboard: shows all doctors' queues for the branch, pending bills"},{"ancestorTitles":["dashboard module"],"duration":3,"failureDetails":[],"failureMessages":[],"fullName":"dashboard module Pre-computed record missing (new hospital, first day): returns empty analytics gracefully, no 500 error","invocations":1,"location":null,"numPassingAsserts":3,"retryReasons":[],"status":"passed","title":"Pre-computed record missing (new hospital, first day): returns empty analytics gracefully, no 500 error"}],"endTime":1775395966234,"message":"","name":"D:\\Ayurmedi-backend\\tests\\unit\\dashboard.test.js","startTime":1775395964951,"status":"passed","summary":""}],"wasInterrupted":false}
